[debug] [2020-10-05T12:26:15.814Z] ----------------------------------------------------------------------
[debug] [2020-10-05T12:26:15.817Z] Command:       /usr/local/bin/node /usr/local/bin/firebase deploy
[debug] [2020-10-05T12:26:15.817Z] CLI Version:   8.11.2
[debug] [2020-10-05T12:26:15.817Z] Platform:      darwin
[debug] [2020-10-05T12:26:15.818Z] Node Version:  v14.5.0
[debug] [2020-10-05T12:26:15.821Z] Time:          Mon Oct 05 2020 13:26:15 GMT+0100 (British Summer Time)
[debug] [2020-10-05T12:26:15.821Z] ----------------------------------------------------------------------
[debug] [2020-10-05T12:26:15.821Z] 
[debug] [2020-10-05T12:26:15.841Z] > command requires scopes: ["email","openid","https://www.googleapis.com/auth/cloudplatformprojects.readonly","https://www.googleapis.com/auth/firebase","https://www.googleapis.com/auth/cloud-platform"]
[debug] [2020-10-05T12:26:15.842Z] > authorizing via signed-in user
[debug] [2020-10-05T12:26:15.842Z] [iam] checking project portfolio-website-284917 for permissions ["cloudfunctions.functions.create","cloudfunctions.functions.delete","cloudfunctions.functions.get","cloudfunctions.functions.list","cloudfunctions.functions.update","cloudfunctions.operations.get","firebase.projects.get"]
[debug] [2020-10-05T12:26:15.850Z] >>> HTTP REQUEST POST https://cloudresourcemanager.googleapis.com/v1/projects/portfolio-website-284917:testIamPermissions  
 {"permissions":["cloudfunctions.functions.create","cloudfunctions.functions.delete","cloudfunctions.functions.get","cloudfunctions.functions.list","cloudfunctions.functions.update","cloudfunctions.operations.get","firebase.projects.get"]}
[debug] [2020-10-05T12:26:16.606Z] <<< HTTP RESPONSE 200 {"content-type":"application/json; charset=UTF-8","vary":"X-Origin, Referer, Origin,Accept-Encoding","date":"Mon, 05 Oct 2020 12:26:16 GMT","server":"ESF","cache-control":"private","x-xss-protection":"0","x-frame-options":"SAMEORIGIN","x-content-type-options":"nosniff","server-timing":"gfet4t7; dur=549","alt-svc":"h3-Q050=\":443\"; ma=2592000,h3-29=\":443\"; ma=2592000,h3-27=\":443\"; ma=2592000,h3-T051=\":443\"; ma=2592000,h3-T050=\":443\"; ma=2592000,h3-Q046=\":443\"; ma=2592000,h3-Q043=\":443\"; ma=2592000,quic=\":443\"; ma=2592000; v=\"46,43\"","accept-ranges":"none","transfer-encoding":"chunked"}
[debug] [2020-10-05T12:26:16.608Z] >>> HTTP REQUEST POST https://iam.googleapis.com/v1/projects/portfolio-website-284917/serviceAccounts/portfolio-website-284917@appspot.gserviceaccount.com:testIamPermissions  
 {"permissions":["iam.serviceAccounts.actAs"]}
[debug] [2020-10-05T12:26:17.523Z] <<< HTTP RESPONSE 200 {"content-type":"application/json; charset=UTF-8","vary":"X-Origin, Referer, Origin,Accept-Encoding","date":"Mon, 05 Oct 2020 12:26:17 GMT","server":"ESF","cache-control":"private","x-xss-protection":"0","x-frame-options":"SAMEORIGIN","x-content-type-options":"nosniff","alt-svc":"h3-Q050=\":443\"; ma=2592000,h3-29=\":443\"; ma=2592000,h3-27=\":443\"; ma=2592000,h3-T051=\":443\"; ma=2592000,h3-T050=\":443\"; ma=2592000,h3-Q046=\":443\"; ma=2592000,h3-Q043=\":443\"; ma=2592000,quic=\":443\"; ma=2592000; v=\"46,43\"","accept-ranges":"none","transfer-encoding":"chunked"}
[debug] [2020-10-05T12:26:17.536Z] TypeError [ERR_INVALID_ARG_TYPE]: The "path" argument must be of type string. Received undefined
    at validateString (internal/validators.js:121:11)
    at Object.join (path.js:1039:7)
    at Object.checkFunctionsSDKVersion [as fn] (/usr/local/lib/node_modules/firebase-tools/lib/checkFirebaseSDKVersion.js:34:28)
    at Command.<anonymous> (/usr/local/lib/node_modules/firebase-tools/lib/command.js:164:30)
    at Generator.next (<anonymous>)
    at fulfilled (/usr/local/lib/node_modules/firebase-tools/lib/command.js:5:58)
    at processTicksAndRejections (internal/process/task_queues.js:93:5)
[error] 
[error] Error: An unexpected error has occurred.
[debug] [2020-10-05T12:27:00.421Z] ----------------------------------------------------------------------
[debug] [2020-10-05T12:27:00.424Z] Command:       /usr/local/bin/node /usr/local/bin/firebase deploy
[debug] [2020-10-05T12:27:00.424Z] CLI Version:   8.11.2
[debug] [2020-10-05T12:27:00.424Z] Platform:      darwin
[debug] [2020-10-05T12:27:00.424Z] Node Version:  v14.5.0
[debug] [2020-10-05T12:27:00.425Z] Time:          Mon Oct 05 2020 13:27:00 GMT+0100 (British Summer Time)
[debug] [2020-10-05T12:27:00.426Z] ----------------------------------------------------------------------
[debug] [2020-10-05T12:27:00.426Z] 
[debug] [2020-10-05T12:27:00.433Z] > command requires scopes: ["email","openid","https://www.googleapis.com/auth/cloudplatformprojects.readonly","https://www.googleapis.com/auth/firebase","https://www.googleapis.com/auth/cloud-platform"]
[debug] [2020-10-05T12:27:00.433Z] > authorizing via signed-in user
[debug] [2020-10-05T12:27:00.433Z] [iam] checking project portfolio-website-284917 for permissions ["cloudfunctions.functions.create","cloudfunctions.functions.delete","cloudfunctions.functions.get","cloudfunctions.functions.list","cloudfunctions.functions.update","cloudfunctions.operations.get","firebase.projects.get"]
[debug] [2020-10-05T12:27:00.436Z] >>> HTTP REQUEST POST https://cloudresourcemanager.googleapis.com/v1/projects/portfolio-website-284917:testIamPermissions  
 {"permissions":["cloudfunctions.functions.create","cloudfunctions.functions.delete","cloudfunctions.functions.get","cloudfunctions.functions.list","cloudfunctions.functions.update","cloudfunctions.operations.get","firebase.projects.get"]}
[debug] [2020-10-05T12:27:01.147Z] <<< HTTP RESPONSE 200 {"content-type":"application/json; charset=UTF-8","vary":"X-Origin, Referer, Origin,Accept-Encoding","date":"Mon, 05 Oct 2020 12:27:01 GMT","server":"ESF","cache-control":"private","x-xss-protection":"0","x-frame-options":"SAMEORIGIN","x-content-type-options":"nosniff","server-timing":"gfet4t7; dur=548","alt-svc":"h3-Q050=\":443\"; ma=2592000,h3-29=\":443\"; ma=2592000,h3-27=\":443\"; ma=2592000,h3-T051=\":443\"; ma=2592000,h3-T050=\":443\"; ma=2592000,h3-Q046=\":443\"; ma=2592000,h3-Q043=\":443\"; ma=2592000,quic=\":443\"; ma=2592000; v=\"46,43\"","accept-ranges":"none","transfer-encoding":"chunked"}
[debug] [2020-10-05T12:27:01.150Z] >>> HTTP REQUEST POST https://iam.googleapis.com/v1/projects/portfolio-website-284917/serviceAccounts/portfolio-website-284917@appspot.gserviceaccount.com:testIamPermissions  
 {"permissions":["iam.serviceAccounts.actAs"]}
[debug] [2020-10-05T12:27:02.068Z] <<< HTTP RESPONSE 200 {"content-type":"application/json; charset=UTF-8","vary":"X-Origin, Referer, Origin,Accept-Encoding","date":"Mon, 05 Oct 2020 12:27:01 GMT","server":"ESF","cache-control":"private","x-xss-protection":"0","x-frame-options":"SAMEORIGIN","x-content-type-options":"nosniff","alt-svc":"h3-Q050=\":443\"; ma=2592000,h3-29=\":443\"; ma=2592000,h3-27=\":443\"; ma=2592000,h3-T051=\":443\"; ma=2592000,h3-T050=\":443\"; ma=2592000,h3-Q046=\":443\"; ma=2592000,h3-Q043=\":443\"; ma=2592000,quic=\":443\"; ma=2592000; v=\"46,43\"","accept-ranges":"none","transfer-encoding":"chunked"}
[debug] [2020-10-05T12:27:02.071Z] TypeError [ERR_INVALID_ARG_TYPE]: The "path" argument must be of type string. Received undefined
    at validateString (internal/validators.js:121:11)
    at Object.join (path.js:1039:7)
    at Object.checkFunctionsSDKVersion [as fn] (/usr/local/lib/node_modules/firebase-tools/lib/checkFirebaseSDKVersion.js:34:28)
    at Command.<anonymous> (/usr/local/lib/node_modules/firebase-tools/lib/command.js:164:30)
    at Generator.next (<anonymous>)
    at fulfilled (/usr/local/lib/node_modules/firebase-tools/lib/command.js:5:58)
    at processTicksAndRejections (internal/process/task_queues.js:93:5)
[error] 
[error] Error: An unexpected error has occurred.
